2025-05-25 17:11:25   Defined reference frequency for open boundary condition (2.15 GHz) is larger
                      than the lowest relevant system frequency (monitor at 0.3 GHz).
                      Please check the Settings for PML Boundary (Simulation > Settings > Boundary
                      Conditions > Open Boundary) to ensure accurate monitor results for the lowest
                      frequency of interest. More...

                      ------------------------------------------------------------------------------
2025-05-25 17:11:25   The following farfield monitor(s) have been adjusted to model box [-14.9743,
                      14.9743, -14.9743, 14.9743, -0.233097, 1.30212]:
                        farfield (f=0.3), farfield (f=4).
                      For further information please check the page "Special Solver Parameters -
                      Solver" in the Online Help.

                      ------------------------------------------------------------------------------
2025-05-25 17:11:25   
                      Solver started at: 2025-05-25 17:11:25 +0700

                        Module:  Time Domain: S-Parameter (Win 64)
                        Version: 2024.1 Release from 2023-10-16 (change 1181985)

2025-05-25 17:11:25   

                      ------------------------------------------------------------------------------
2025-05-25 17:11:25   

                      ------------------------------------------------------------------------------
2025-05-25 17:11:25   ======================================================================
                       Solver cycle: 1
                      ======================================================================

                      Stimulation at discrete port 1 



                      ------------------------------------------------------------------------------
2025-05-25 17:11:25   Units settings: 

                        Dimensions: mm
                        Frequency:  GHz
                        Time:       ns

                      ------------------------------------------------------------------------------
2025-05-25 17:11:25   The dispersive material update [Automatic] will be performed using the "Standard" update schema

                      ------------------------------------------------------------------------------
2025-05-25 17:11:26   Boundary conditions: 

                        YZsymmetry: none
                        XZsymmetry: none
                        XYsymmetry: none

                        Xmin: expanded open, 4 Layer, depth 18.7865 mm
                        Xmax: expanded open, 4 Layer, depth 18.7865 mm

                        Ymin: expanded open, 4 Layer, depth 18.7881 mm
                        Ymax: expanded open, 4 Layer, depth 18.7881 mm

                        Zmin: expanded open, 4 Layer, depth 19.3927 mm
                        Zmax: expanded open, 4 Layer, depth 19.8478 mm

                        PML-Type: Convolution PML

                      ------------------------------------------------------------------------------
2025-05-25 17:11:26   Frequency settings: 

                        Fmin:         0.3
                        Fmax:         4
                        Nfsteps(lin): 1001

                      ------------------------------------------------------------------------------
2025-05-25 17:11:26   Field update statistics:

                        Number of components in total: 	4687606
                        Number of lossy metal components:	80215

                      Subcycling state:      			Automatically deactivated

                      ------------------------------------------------------------------------------
2025-05-25 17:11:26   Port: 1

2025-05-25 17:11:26     Discrete element, reference impedance = 50 Ohm

                      ------------------------------------------------------------------------------
2025-05-25 17:23:55   
                      --------------------------------------------------------------------------------
2025-05-25 17:23:55   *** Warning ***

2025-05-25 17:23:55   Maximum number of pulse widths simulated, solver stopped.
                      Please note that the steady state criterion [energy or port signal] could not have been satisfied. More...

                      ------------------------------------------------------------------------------
2025-05-25 17:23:55   Frequency domain results normalized to default signal.


                      ------------------------------------------------------------------------------
2025-05-25 17:23:55   
                        ----------------------------------------------------------------------------
                                            Peak memory used (kB)         Free physical memory (kB) 
                                                                          At begin     Minimum      
                        ----------------------------------------------------------------------------
                        CAD preparation     13572                         24348532     24348532     
                        Matrices calc.      433304                        23943359     23750000     
                        Solver run total    223764                        24364868     24065472     
                        ----------------------------------------------------------------------------

                      --------------------------------------------------------------------------------
                      Solver Statistics:

                        Hardware:
                           Computer name:                 	MAY-80 

                           Number of CPU threads:               6
                           Hardware info:                  	Hardware Accelerator Device not activated

                        Number of mesh cells:             	764864
                        Excitation duration:              	1.92137770e+000 ns 
                        Calculation time for excitation:  	0 	s
                        Number of calculated pulse widths:	19.9999 
                        Steady state accuracy limit:      	-40	dB 
                        Simulated number of time steps:   	140684 
                        Maximum number of time steps:     	140684 
                        Time step width:
                           without subcycles:             	2.731465603e-004 ns
                           used:                          	2.731465603e-004 ns

                        Reloading matrices:               	0 	s
                        Solver setup time:                	0 	s
                        Solver loop time:                 	748 	s
                        Solver post-processing time:      	0 	s
                                                          	------------
                        Total solver time:                	748 	s  ( = 0 h, 12 m, 28 s )

                      ------------------------------------------------------------------------------
2025-05-25 17:23:55   
                        Total solver time (all cycles):      	748    	s  ( = 0 h, 12 m, 28 s )
                        Solver initialization and clean-up:  	2      	s
                                                             	------------
                        Total simulation time:               	750    	s  ( = 0 h, 12 m, 30 s )

                      ------------------------------------------------------------------------------
2025-05-25 17:23:55   Solver finished at: 2025-05-25 17:23:55 +0700



                      ------------------------------------------------------------------------------
2025-05-25 17:23:57   Creating parametric 1D results for Run ID 1

                      ------------------------------------------------------------------------------
