Unknown:
C:\Users\Administrator\Documents\GitHub\CP_NEW\NEW_1_1\Result\farfield (f=0.3)_1.fme
C:\Users\Administrator\Documents\GitHub\CP_NEW\NEW_1_1\Result\farfield (f=4)_1.fme
C:\Users\Administrator\Documents\GitHub\CP_NEW\NEW_1_1\Result\hardware_resources.sconf
C:\Users\Administrator\Documents\GitHub\CP_NEW\NEW_1_1\Result\MCalc.log
C:\Users\Administrator\Documents\GitHub\CP_NEW\NEW_1_1\Result\ml_info.log
C:\Users\Administrator\Documents\GitHub\CP_NEW\NEW_1_1\Result\Model.log
C:\Users\Administrator\Documents\GitHub\CP_NEW\NEW_1_1\Result\Model.sa
C:\Users\Administrator\Documents\GitHub\CP_NEW\NEW_1_1\Result\Model.sam
C:\Users\Administrator\Documents\GitHub\CP_NEW\NEW_1_1\Result\P^s^pm.slog
Mesh:
C:\Users\Administrator\Documents\GitHub\CP_NEW\NEW_1_1\Result\dA.mat
C:\Users\Administrator\Documents\GitHub\CP_NEW\NEW_1_1\Result\dad.mat
C:\Users\Administrator\Documents\GitHub\CP_NEW\NEW_1_1\Result\ds.mat
C:\Users\Administrator\Documents\GitHub\CP_NEW\NEW_1_1\Result\dsd.mat
C:\Users\Administrator\Documents\GitHub\CP_NEW\NEW_1_1\Result\dsMCalc.mat
C:\Users\Administrator\Documents\GitHub\CP_NEW\NEW_1_1\Result\Eps.mat
C:\Users\Administrator\Documents\GitHub\CP_NEW\NEW_1_1\Result\HexMatrix.m2h
C:\Users\Administrator\Documents\GitHub\CP_NEW\NEW_1_1\Result\HexMatrix_MCalc.m2h
C:\Users\Administrator\Documents\GitHub\CP_NEW\NEW_1_1\Result\MCalc.fmp
C:\Users\Administrator\Documents\GitHub\CP_NEW\NEW_1_1\Result\MCalc.xcfd
C:\Users\Administrator\Documents\GitHub\CP_NEW\NEW_1_1\Result\MCalcCCS_c.mson
C:\Users\Administrator\Documents\GitHub\CP_NEW\NEW_1_1\Result\Meta.m2h
C:\Users\Administrator\Documents\GitHub\CP_NEW\NEW_1_1\Result\Meta.mat
C:\Users\Administrator\Documents\GitHub\CP_NEW\NEW_1_1\Result\Model-fmf.msqlite
C:\Users\Administrator\Documents\GitHub\CP_NEW\NEW_1_1\Result\Model.cct
C:\Users\Administrator\Documents\GitHub\CP_NEW\NEW_1_1\Result\Model.fmf
C:\Users\Administrator\Documents\GitHub\CP_NEW\NEW_1_1\Result\Model.fmm
C:\Users\Administrator\Documents\GitHub\CP_NEW\NEW_1_1\Result\Model.fpc
C:\Users\Administrator\Documents\GitHub\CP_NEW\NEW_1_1\Result\Model.fwf
C:\Users\Administrator\Documents\GitHub\CP_NEW\NEW_1_1\Result\Model.sic
C:\Users\Administrator\Documents\GitHub\CP_NEW\NEW_1_1\Result\Model.sid
C:\Users\Administrator\Documents\GitHub\CP_NEW\NEW_1_1\Result\Model.spi
C:\Users\Administrator\Documents\GitHub\CP_NEW\NEW_1_1\Result\Model.xcfd
C:\Users\Administrator\Documents\GitHub\CP_NEW\NEW_1_1\Result\Mue.mat
C:\Users\Administrator\Documents\GitHub\CP_NEW\NEW_1_1\Result\m^fqq.mem
C:\Users\Administrator\Documents\GitHub\CP_NEW\NEW_1_1\Result\PEC.mat
C:\Users\Administrator\Documents\GitHub\CP_NEW\NEW_1_1\Result\Ports.fpt
C:\Users\Administrator\Documents\GitHub\CP_NEW\NEW_1_1\Result\p^a.mem
C:\Users\Administrator\Documents\GitHub\CP_NEW\NEW_1_1\Result\p^m.mem
C:\Users\Administrator\Documents\GitHub\CP_NEW\NEW_1_1\Result\Rho.mat
C:\Users\Administrator\Documents\GitHub\CP_NEW\NEW_1_1\Result\S2HMatrix.m2h
C:\Users\Administrator\Documents\GitHub\CP_NEW\NEW_1_1\Result\Shapes.con
C:\Users\Administrator\Documents\GitHub\CP_NEW\NEW_1_1\Result\s^pm.mem
Port:
C:\Users\Administrator\Documents\GitHub\CP_NEW\NEW_1_1\Result\Model.pmi
