Unknown:
C:\Users\Administrator\Documents\GitHub\CP_NEW\NEW_1\Result\farfield (f=0.3)_1.fme
C:\Users\Administrator\Documents\GitHub\CP_NEW\NEW_1\Result\farfield (f=4)_1.fme
C:\Users\Administrator\Documents\GitHub\CP_NEW\NEW_1\Result\hardware_resources.sconf
C:\Users\Administrator\Documents\GitHub\CP_NEW\NEW_1\Result\Hex.gap
C:\Users\Administrator\Documents\GitHub\CP_NEW\NEW_1\Result\MCalc.ddi
C:\Users\Administrator\Documents\GitHub\CP_NEW\NEW_1\Result\MCalc.log
C:\Users\Administrator\Documents\GitHub\CP_NEW\NEW_1\Result\ml_info.log
C:\Users\Administrator\Documents\GitHub\CP_NEW\NEW_1\Result\Model.axg
C:\Users\Administrator\Documents\GitHub\CP_NEW\NEW_1\Result\Model.coco
C:\Users\Administrator\Documents\GitHub\CP_NEW\NEW_1\Result\Model.ddi
C:\Users\Administrator\Documents\GitHub\CP_NEW\NEW_1\Result\Model.elg
C:\Users\Administrator\Documents\GitHub\CP_NEW\NEW_1\Result\Model.log
C:\Users\Administrator\Documents\GitHub\CP_NEW\NEW_1\Result\Model.sa
C:\Users\Administrator\Documents\GitHub\CP_NEW\NEW_1\Result\Model.sam
C:\Users\Administrator\Documents\GitHub\CP_NEW\NEW_1\Result\ModelPBA.axg
C:\Users\Administrator\Documents\GitHub\CP_NEW\NEW_1\Result\Model_1.sam
C:\Users\Administrator\Documents\GitHub\CP_NEW\NEW_1\Result\m^fifx.dsc
C:\Users\Administrator\Documents\GitHub\CP_NEW\NEW_1\Result\m^fqq.dsc
C:\Users\Administrator\Documents\GitHub\CP_NEW\NEW_1\Result\Ports.web
C:\Users\Administrator\Documents\GitHub\CP_NEW\NEW_1\Result\PP-MCalc.log
C:\Users\Administrator\Documents\GitHub\CP_NEW\NEW_1\Result\PP-Prio.log
C:\Users\Administrator\Documents\GitHub\CP_NEW\NEW_1\Result\p^a.dsc
C:\Users\Administrator\Documents\GitHub\CP_NEW\NEW_1\Result\P^m^fb.slog
C:\Users\Administrator\Documents\GitHub\CP_NEW\NEW_1\Result\P^m^fbqq.slog
C:\Users\Administrator\Documents\GitHub\CP_NEW\NEW_1\Result\P^m^fqq.slog
C:\Users\Administrator\Documents\GitHub\CP_NEW\NEW_1\Result\P^p^m.slog
C:\Users\Administrator\Documents\GitHub\CP_NEW\NEW_1\Result\P^s^pm.slog
C:\Users\Administrator\Documents\GitHub\CP_NEW\NEW_1\Result\Hex000\Hex.gap
C:\Users\Administrator\Documents\GitHub\CP_NEW\NEW_1\Result\Hex000\m^fbqq.dsc
C:\Users\Administrator\Documents\GitHub\CP_NEW\NEW_1\Result\Hex001\Hex.gap
C:\Users\Administrator\Documents\GitHub\CP_NEW\NEW_1\Result\Hex001\m^fbqq.dsc
C:\Users\Administrator\Documents\GitHub\CP_NEW\NEW_1\Result\Hex002\Hex.gap
C:\Users\Administrator\Documents\GitHub\CP_NEW\NEW_1\Result\Hex002\m^fbqq.dsc
C:\Users\Administrator\Documents\GitHub\CP_NEW\NEW_1\Result\Hex003\Hex.gap
C:\Users\Administrator\Documents\GitHub\CP_NEW\NEW_1\Result\Hex003\m^fbqq.dsc
C:\Users\Administrator\Documents\GitHub\CP_NEW\NEW_1\Result\Hex004\Hex.gap
C:\Users\Administrator\Documents\GitHub\CP_NEW\NEW_1\Result\Hex004\m^fbqq.dsc
C:\Users\Administrator\Documents\GitHub\CP_NEW\NEW_1\Result\Hex005\Hex.gap
C:\Users\Administrator\Documents\GitHub\CP_NEW\NEW_1\Result\Hex005\m^fbqq.dsc
C:\Users\Administrator\Documents\GitHub\CP_NEW\NEW_1\Result\Hex006\Hex.gap
C:\Users\Administrator\Documents\GitHub\CP_NEW\NEW_1\Result\Hex006\m^fbqq.dsc
C:\Users\Administrator\Documents\GitHub\CP_NEW\NEW_1\Result\Hex007\Hex.gap
C:\Users\Administrator\Documents\GitHub\CP_NEW\NEW_1\Result\Hex007\m^fbqq.dsc
C:\Users\Administrator\Documents\GitHub\CP_NEW\NEW_1\Result\Hex008\Hex.gap
C:\Users\Administrator\Documents\GitHub\CP_NEW\NEW_1\Result\Hex008\m^fbqq.dsc
C:\Users\Administrator\Documents\GitHub\CP_NEW\NEW_1\Result\Hex009\Hex.gap
C:\Users\Administrator\Documents\GitHub\CP_NEW\NEW_1\Result\Hex009\m^fbqq.dsc
C:\Users\Administrator\Documents\GitHub\CP_NEW\NEW_1\Result\Hex010\Hex.gap
C:\Users\Administrator\Documents\GitHub\CP_NEW\NEW_1\Result\Hex010\m^fbqq.dsc
C:\Users\Administrator\Documents\GitHub\CP_NEW\NEW_1\Result\Hex011\Hex.gap
C:\Users\Administrator\Documents\GitHub\CP_NEW\NEW_1\Result\Hex011\m^fbqq.dsc
C:\Users\Administrator\Documents\GitHub\CP_NEW\NEW_1\Result\Hex012\Hex.gap
C:\Users\Administrator\Documents\GitHub\CP_NEW\NEW_1\Result\Hex012\m^fbqq.dsc
C:\Users\Administrator\Documents\GitHub\CP_NEW\NEW_1\Result\Hex013\Hex.gap
C:\Users\Administrator\Documents\GitHub\CP_NEW\NEW_1\Result\Hex013\m^fbqq.dsc
C:\Users\Administrator\Documents\GitHub\CP_NEW\NEW_1\Result\Hex014\Hex.gap
C:\Users\Administrator\Documents\GitHub\CP_NEW\NEW_1\Result\Hex014\m^fbqq.dsc
C:\Users\Administrator\Documents\GitHub\CP_NEW\NEW_1\Result\Hex015\Hex.gap
C:\Users\Administrator\Documents\GitHub\CP_NEW\NEW_1\Result\Hex015\m^fbqq.dsc
C:\Users\Administrator\Documents\GitHub\CP_NEW\NEW_1\Result\Hex016\Hex.gap
C:\Users\Administrator\Documents\GitHub\CP_NEW\NEW_1\Result\Hex016\m^fbqq.dsc
C:\Users\Administrator\Documents\GitHub\CP_NEW\NEW_1\Result\Hex017\Hex.gap
C:\Users\Administrator\Documents\GitHub\CP_NEW\NEW_1\Result\Hex017\m^fbqq.dsc
C:\Users\Administrator\Documents\GitHub\CP_NEW\NEW_1\Result\Hex018\Hex.gap
C:\Users\Administrator\Documents\GitHub\CP_NEW\NEW_1\Result\Hex018\m^fbqq.dsc
C:\Users\Administrator\Documents\GitHub\CP_NEW\NEW_1\Result\Hex019\Hex.gap
C:\Users\Administrator\Documents\GitHub\CP_NEW\NEW_1\Result\Hex019\m^fbqq.dsc
C:\Users\Administrator\Documents\GitHub\CP_NEW\NEW_1\Result\Hex020\Hex.gap
C:\Users\Administrator\Documents\GitHub\CP_NEW\NEW_1\Result\Hex020\m^fbqq.dsc
C:\Users\Administrator\Documents\GitHub\CP_NEW\NEW_1\Result\Hex021\Hex.gap
C:\Users\Administrator\Documents\GitHub\CP_NEW\NEW_1\Result\Hex021\m^fbqq.dsc
C:\Users\Administrator\Documents\GitHub\CP_NEW\NEW_1\Result\Hex022\Hex.gap
C:\Users\Administrator\Documents\GitHub\CP_NEW\NEW_1\Result\Hex022\m^fbqq.dsc
C:\Users\Administrator\Documents\GitHub\CP_NEW\NEW_1\Result\Hex023\Hex.gap
C:\Users\Administrator\Documents\GitHub\CP_NEW\NEW_1\Result\Hex023\m^fbqq.dsc
Mesh:
C:\Users\Administrator\Documents\GitHub\CP_NEW\NEW_1\Result\dA.mat
C:\Users\Administrator\Documents\GitHub\CP_NEW\NEW_1\Result\dad.mat
C:\Users\Administrator\Documents\GitHub\CP_NEW\NEW_1\Result\ds.mat
C:\Users\Administrator\Documents\GitHub\CP_NEW\NEW_1\Result\dsd.mat
C:\Users\Administrator\Documents\GitHub\CP_NEW\NEW_1\Result\dsMCalc.mat
C:\Users\Administrator\Documents\GitHub\CP_NEW\NEW_1\Result\Eps.mat
C:\Users\Administrator\Documents\GitHub\CP_NEW\NEW_1\Result\HexMatrix.m2h
C:\Users\Administrator\Documents\GitHub\CP_NEW\NEW_1\Result\HexMatrix_MCalc.m2h
C:\Users\Administrator\Documents\GitHub\CP_NEW\NEW_1\Result\MCalc.fmp
C:\Users\Administrator\Documents\GitHub\CP_NEW\NEW_1\Result\MCalc.xcfd
C:\Users\Administrator\Documents\GitHub\CP_NEW\NEW_1\Result\MCalcCCS_c.mson
C:\Users\Administrator\Documents\GitHub\CP_NEW\NEW_1\Result\Meta.m2h
C:\Users\Administrator\Documents\GitHub\CP_NEW\NEW_1\Result\Meta.mat
C:\Users\Administrator\Documents\GitHub\CP_NEW\NEW_1\Result\Model-fmf.msqlite
C:\Users\Administrator\Documents\GitHub\CP_NEW\NEW_1\Result\Model.cct
C:\Users\Administrator\Documents\GitHub\CP_NEW\NEW_1\Result\Model.fmf
C:\Users\Administrator\Documents\GitHub\CP_NEW\NEW_1\Result\Model.fmm
C:\Users\Administrator\Documents\GitHub\CP_NEW\NEW_1\Result\Model.fpc
C:\Users\Administrator\Documents\GitHub\CP_NEW\NEW_1\Result\Model.fwf
C:\Users\Administrator\Documents\GitHub\CP_NEW\NEW_1\Result\Model.sic
C:\Users\Administrator\Documents\GitHub\CP_NEW\NEW_1\Result\Model.sid
C:\Users\Administrator\Documents\GitHub\CP_NEW\NEW_1\Result\Model.spi
C:\Users\Administrator\Documents\GitHub\CP_NEW\NEW_1\Result\Model.xcfd
C:\Users\Administrator\Documents\GitHub\CP_NEW\NEW_1\Result\Mue.mat
C:\Users\Administrator\Documents\GitHub\CP_NEW\NEW_1\Result\m^fifx.mem
C:\Users\Administrator\Documents\GitHub\CP_NEW\NEW_1\Result\m^fqq.mem
C:\Users\Administrator\Documents\GitHub\CP_NEW\NEW_1\Result\p1.spi
C:\Users\Administrator\Documents\GitHub\CP_NEW\NEW_1\Result\PEC.mat
C:\Users\Administrator\Documents\GitHub\CP_NEW\NEW_1\Result\Port1.wgi
C:\Users\Administrator\Documents\GitHub\CP_NEW\NEW_1\Result\p^a.mem
C:\Users\Administrator\Documents\GitHub\CP_NEW\NEW_1\Result\p^m.mem
C:\Users\Administrator\Documents\GitHub\CP_NEW\NEW_1\Result\Rho.mat
C:\Users\Administrator\Documents\GitHub\CP_NEW\NEW_1\Result\S2HMatrix.m2h
C:\Users\Administrator\Documents\GitHub\CP_NEW\NEW_1\Result\Shapes.con
C:\Users\Administrator\Documents\GitHub\CP_NEW\NEW_1\Result\s^pm.mem
C:\Users\Administrator\Documents\GitHub\CP_NEW\NEW_1\Result\Hex000\dsMCalc.mat
C:\Users\Administrator\Documents\GitHub\CP_NEW\NEW_1\Result\Hex000\HexMatrix_MCalc.m2h
C:\Users\Administrator\Documents\GitHub\CP_NEW\NEW_1\Result\Hex000\MCalc.fmp
C:\Users\Administrator\Documents\GitHub\CP_NEW\NEW_1\Result\Hex000\MCalc.xcfd
C:\Users\Administrator\Documents\GitHub\CP_NEW\NEW_1\Result\Hex000\Model-fmf.msqlite
C:\Users\Administrator\Documents\GitHub\CP_NEW\NEW_1\Result\Hex000\Model.cct
C:\Users\Administrator\Documents\GitHub\CP_NEW\NEW_1\Result\Hex000\Model.fmf
C:\Users\Administrator\Documents\GitHub\CP_NEW\NEW_1\Result\Hex000\Model.fpc
C:\Users\Administrator\Documents\GitHub\CP_NEW\NEW_1\Result\Hex000\Model.fwf
C:\Users\Administrator\Documents\GitHub\CP_NEW\NEW_1\Result\Hex000\Model.spi
C:\Users\Administrator\Documents\GitHub\CP_NEW\NEW_1\Result\Hex000\m^fbqq.mem
C:\Users\Administrator\Documents\GitHub\CP_NEW\NEW_1\Result\Hex000\PEC.mat
C:\Users\Administrator\Documents\GitHub\CP_NEW\NEW_1\Result\Hex000\S2HMatrix.m2h
C:\Users\Administrator\Documents\GitHub\CP_NEW\NEW_1\Result\Hex000\Shapes.con
C:\Users\Administrator\Documents\GitHub\CP_NEW\NEW_1\Result\Hex001\dsMCalc.mat
C:\Users\Administrator\Documents\GitHub\CP_NEW\NEW_1\Result\Hex001\HexMatrix_MCalc.m2h
C:\Users\Administrator\Documents\GitHub\CP_NEW\NEW_1\Result\Hex001\MCalc.fmp
C:\Users\Administrator\Documents\GitHub\CP_NEW\NEW_1\Result\Hex001\MCalc.xcfd
C:\Users\Administrator\Documents\GitHub\CP_NEW\NEW_1\Result\Hex001\Model-fmf.msqlite
C:\Users\Administrator\Documents\GitHub\CP_NEW\NEW_1\Result\Hex001\Model.cct
C:\Users\Administrator\Documents\GitHub\CP_NEW\NEW_1\Result\Hex001\Model.fmf
C:\Users\Administrator\Documents\GitHub\CP_NEW\NEW_1\Result\Hex001\Model.fpc
C:\Users\Administrator\Documents\GitHub\CP_NEW\NEW_1\Result\Hex001\Model.fwf
C:\Users\Administrator\Documents\GitHub\CP_NEW\NEW_1\Result\Hex001\Model.sic
C:\Users\Administrator\Documents\GitHub\CP_NEW\NEW_1\Result\Hex001\Model.spi
C:\Users\Administrator\Documents\GitHub\CP_NEW\NEW_1\Result\Hex001\m^fbqq.mem
C:\Users\Administrator\Documents\GitHub\CP_NEW\NEW_1\Result\Hex001\PEC.mat
C:\Users\Administrator\Documents\GitHub\CP_NEW\NEW_1\Result\Hex001\S2HMatrix.m2h
C:\Users\Administrator\Documents\GitHub\CP_NEW\NEW_1\Result\Hex001\Shapes.con
C:\Users\Administrator\Documents\GitHub\CP_NEW\NEW_1\Result\Hex002\dsMCalc.mat
C:\Users\Administrator\Documents\GitHub\CP_NEW\NEW_1\Result\Hex002\HexMatrix_MCalc.m2h
C:\Users\Administrator\Documents\GitHub\CP_NEW\NEW_1\Result\Hex002\MCalc.fmp
C:\Users\Administrator\Documents\GitHub\CP_NEW\NEW_1\Result\Hex002\MCalc.xcfd
C:\Users\Administrator\Documents\GitHub\CP_NEW\NEW_1\Result\Hex002\Model-fmf.msqlite
C:\Users\Administrator\Documents\GitHub\CP_NEW\NEW_1\Result\Hex002\Model.cct
C:\Users\Administrator\Documents\GitHub\CP_NEW\NEW_1\Result\Hex002\Model.fmf
C:\Users\Administrator\Documents\GitHub\CP_NEW\NEW_1\Result\Hex002\Model.fpc
C:\Users\Administrator\Documents\GitHub\CP_NEW\NEW_1\Result\Hex002\Model.fwf
C:\Users\Administrator\Documents\GitHub\CP_NEW\NEW_1\Result\Hex002\Model.sic
C:\Users\Administrator\Documents\GitHub\CP_NEW\NEW_1\Result\Hex002\Model.spi
C:\Users\Administrator\Documents\GitHub\CP_NEW\NEW_1\Result\Hex002\m^fbqq.mem
C:\Users\Administrator\Documents\GitHub\CP_NEW\NEW_1\Result\Hex002\PEC.mat
C:\Users\Administrator\Documents\GitHub\CP_NEW\NEW_1\Result\Hex002\S2HMatrix.m2h
C:\Users\Administrator\Documents\GitHub\CP_NEW\NEW_1\Result\Hex002\Shapes.con
C:\Users\Administrator\Documents\GitHub\CP_NEW\NEW_1\Result\Hex003\dsMCalc.mat
C:\Users\Administrator\Documents\GitHub\CP_NEW\NEW_1\Result\Hex003\HexMatrix_MCalc.m2h
C:\Users\Administrator\Documents\GitHub\CP_NEW\NEW_1\Result\Hex003\MCalc.fmp
C:\Users\Administrator\Documents\GitHub\CP_NEW\NEW_1\Result\Hex003\MCalc.xcfd
C:\Users\Administrator\Documents\GitHub\CP_NEW\NEW_1\Result\Hex003\Model-fmf.msqlite
C:\Users\Administrator\Documents\GitHub\CP_NEW\NEW_1\Result\Hex003\Model.cct
C:\Users\Administrator\Documents\GitHub\CP_NEW\NEW_1\Result\Hex003\Model.fmf
C:\Users\Administrator\Documents\GitHub\CP_NEW\NEW_1\Result\Hex003\Model.fpc
C:\Users\Administrator\Documents\GitHub\CP_NEW\NEW_1\Result\Hex003\Model.fwf
C:\Users\Administrator\Documents\GitHub\CP_NEW\NEW_1\Result\Hex003\Model.sic
C:\Users\Administrator\Documents\GitHub\CP_NEW\NEW_1\Result\Hex003\Model.spi
C:\Users\Administrator\Documents\GitHub\CP_NEW\NEW_1\Result\Hex003\m^fbqq.mem
C:\Users\Administrator\Documents\GitHub\CP_NEW\NEW_1\Result\Hex003\PEC.mat
C:\Users\Administrator\Documents\GitHub\CP_NEW\NEW_1\Result\Hex003\S2HMatrix.m2h
C:\Users\Administrator\Documents\GitHub\CP_NEW\NEW_1\Result\Hex003\Shapes.con
C:\Users\Administrator\Documents\GitHub\CP_NEW\NEW_1\Result\Hex004\dsMCalc.mat
C:\Users\Administrator\Documents\GitHub\CP_NEW\NEW_1\Result\Hex004\HexMatrix_MCalc.m2h
C:\Users\Administrator\Documents\GitHub\CP_NEW\NEW_1\Result\Hex004\MCalc.fmp
C:\Users\Administrator\Documents\GitHub\CP_NEW\NEW_1\Result\Hex004\MCalc.xcfd
C:\Users\Administrator\Documents\GitHub\CP_NEW\NEW_1\Result\Hex004\Model-fmf.msqlite
C:\Users\Administrator\Documents\GitHub\CP_NEW\NEW_1\Result\Hex004\Model.cct
C:\Users\Administrator\Documents\GitHub\CP_NEW\NEW_1\Result\Hex004\Model.fmf
C:\Users\Administrator\Documents\GitHub\CP_NEW\NEW_1\Result\Hex004\Model.fpc
C:\Users\Administrator\Documents\GitHub\CP_NEW\NEW_1\Result\Hex004\Model.fwf
C:\Users\Administrator\Documents\GitHub\CP_NEW\NEW_1\Result\Hex004\Model.sic
C:\Users\Administrator\Documents\GitHub\CP_NEW\NEW_1\Result\Hex004\Model.spi
C:\Users\Administrator\Documents\GitHub\CP_NEW\NEW_1\Result\Hex004\m^fbqq.mem
C:\Users\Administrator\Documents\GitHub\CP_NEW\NEW_1\Result\Hex004\PEC.mat
C:\Users\Administrator\Documents\GitHub\CP_NEW\NEW_1\Result\Hex004\S2HMatrix.m2h
C:\Users\Administrator\Documents\GitHub\CP_NEW\NEW_1\Result\Hex004\Shapes.con
C:\Users\Administrator\Documents\GitHub\CP_NEW\NEW_1\Result\Hex005\dsMCalc.mat
C:\Users\Administrator\Documents\GitHub\CP_NEW\NEW_1\Result\Hex005\HexMatrix_MCalc.m2h
C:\Users\Administrator\Documents\GitHub\CP_NEW\NEW_1\Result\Hex005\MCalc.fmp
C:\Users\Administrator\Documents\GitHub\CP_NEW\NEW_1\Result\Hex005\MCalc.xcfd
C:\Users\Administrator\Documents\GitHub\CP_NEW\NEW_1\Result\Hex005\Model-fmf.msqlite
C:\Users\Administrator\Documents\GitHub\CP_NEW\NEW_1\Result\Hex005\Model.cct
C:\Users\Administrator\Documents\GitHub\CP_NEW\NEW_1\Result\Hex005\Model.fmf
C:\Users\Administrator\Documents\GitHub\CP_NEW\NEW_1\Result\Hex005\Model.fpc
C:\Users\Administrator\Documents\GitHub\CP_NEW\NEW_1\Result\Hex005\Model.fwf
C:\Users\Administrator\Documents\GitHub\CP_NEW\NEW_1\Result\Hex005\Model.sic
C:\Users\Administrator\Documents\GitHub\CP_NEW\NEW_1\Result\Hex005\Model.spi
C:\Users\Administrator\Documents\GitHub\CP_NEW\NEW_1\Result\Hex005\m^fbqq.mem
C:\Users\Administrator\Documents\GitHub\CP_NEW\NEW_1\Result\Hex005\PEC.mat
C:\Users\Administrator\Documents\GitHub\CP_NEW\NEW_1\Result\Hex005\S2HMatrix.m2h
C:\Users\Administrator\Documents\GitHub\CP_NEW\NEW_1\Result\Hex005\Shapes.con
C:\Users\Administrator\Documents\GitHub\CP_NEW\NEW_1\Result\Hex006\dsMCalc.mat
C:\Users\Administrator\Documents\GitHub\CP_NEW\NEW_1\Result\Hex006\HexMatrix_MCalc.m2h
C:\Users\Administrator\Documents\GitHub\CP_NEW\NEW_1\Result\Hex006\MCalc.fmp
C:\Users\Administrator\Documents\GitHub\CP_NEW\NEW_1\Result\Hex006\MCalc.xcfd
C:\Users\Administrator\Documents\GitHub\CP_NEW\NEW_1\Result\Hex006\Model-fmf.msqlite
C:\Users\Administrator\Documents\GitHub\CP_NEW\NEW_1\Result\Hex006\Model.cct
C:\Users\Administrator\Documents\GitHub\CP_NEW\NEW_1\Result\Hex006\Model.fmf
C:\Users\Administrator\Documents\GitHub\CP_NEW\NEW_1\Result\Hex006\Model.fpc
C:\Users\Administrator\Documents\GitHub\CP_NEW\NEW_1\Result\Hex006\Model.fwf
C:\Users\Administrator\Documents\GitHub\CP_NEW\NEW_1\Result\Hex006\Model.sic
C:\Users\Administrator\Documents\GitHub\CP_NEW\NEW_1\Result\Hex006\Model.spi
C:\Users\Administrator\Documents\GitHub\CP_NEW\NEW_1\Result\Hex006\m^fbqq.mem
C:\Users\Administrator\Documents\GitHub\CP_NEW\NEW_1\Result\Hex006\PEC.mat
C:\Users\Administrator\Documents\GitHub\CP_NEW\NEW_1\Result\Hex006\S2HMatrix.m2h
C:\Users\Administrator\Documents\GitHub\CP_NEW\NEW_1\Result\Hex006\Shapes.con
C:\Users\Administrator\Documents\GitHub\CP_NEW\NEW_1\Result\Hex007\dsMCalc.mat
C:\Users\Administrator\Documents\GitHub\CP_NEW\NEW_1\Result\Hex007\HexMatrix_MCalc.m2h
C:\Users\Administrator\Documents\GitHub\CP_NEW\NEW_1\Result\Hex007\MCalc.fmp
C:\Users\Administrator\Documents\GitHub\CP_NEW\NEW_1\Result\Hex007\MCalc.xcfd
C:\Users\Administrator\Documents\GitHub\CP_NEW\NEW_1\Result\Hex007\Model-fmf.msqlite
C:\Users\Administrator\Documents\GitHub\CP_NEW\NEW_1\Result\Hex007\Model.cct
C:\Users\Administrator\Documents\GitHub\CP_NEW\NEW_1\Result\Hex007\Model.fmf
C:\Users\Administrator\Documents\GitHub\CP_NEW\NEW_1\Result\Hex007\Model.fpc
C:\Users\Administrator\Documents\GitHub\CP_NEW\NEW_1\Result\Hex007\Model.fwf
C:\Users\Administrator\Documents\GitHub\CP_NEW\NEW_1\Result\Hex007\Model.sic
C:\Users\Administrator\Documents\GitHub\CP_NEW\NEW_1\Result\Hex007\Model.spi
C:\Users\Administrator\Documents\GitHub\CP_NEW\NEW_1\Result\Hex007\m^fbqq.mem
C:\Users\Administrator\Documents\GitHub\CP_NEW\NEW_1\Result\Hex007\p1.spi
C:\Users\Administrator\Documents\GitHub\CP_NEW\NEW_1\Result\Hex007\PEC.mat
C:\Users\Administrator\Documents\GitHub\CP_NEW\NEW_1\Result\Hex007\Port1.wgi
C:\Users\Administrator\Documents\GitHub\CP_NEW\NEW_1\Result\Hex007\S2HMatrix.m2h
C:\Users\Administrator\Documents\GitHub\CP_NEW\NEW_1\Result\Hex007\Shapes.con
C:\Users\Administrator\Documents\GitHub\CP_NEW\NEW_1\Result\Hex008\dsMCalc.mat
C:\Users\Administrator\Documents\GitHub\CP_NEW\NEW_1\Result\Hex008\HexMatrix_MCalc.m2h
C:\Users\Administrator\Documents\GitHub\CP_NEW\NEW_1\Result\Hex008\MCalc.fmp
C:\Users\Administrator\Documents\GitHub\CP_NEW\NEW_1\Result\Hex008\MCalc.xcfd
C:\Users\Administrator\Documents\GitHub\CP_NEW\NEW_1\Result\Hex008\Model-fmf.msqlite
C:\Users\Administrator\Documents\GitHub\CP_NEW\NEW_1\Result\Hex008\Model.cct
C:\Users\Administrator\Documents\GitHub\CP_NEW\NEW_1\Result\Hex008\Model.fmf
C:\Users\Administrator\Documents\GitHub\CP_NEW\NEW_1\Result\Hex008\Model.fpc
C:\Users\Administrator\Documents\GitHub\CP_NEW\NEW_1\Result\Hex008\Model.fwf
C:\Users\Administrator\Documents\GitHub\CP_NEW\NEW_1\Result\Hex008\Model.sic
C:\Users\Administrator\Documents\GitHub\CP_NEW\NEW_1\Result\Hex008\Model.spi
C:\Users\Administrator\Documents\GitHub\CP_NEW\NEW_1\Result\Hex008\m^fbqq.mem
C:\Users\Administrator\Documents\GitHub\CP_NEW\NEW_1\Result\Hex008\PEC.mat
C:\Users\Administrator\Documents\GitHub\CP_NEW\NEW_1\Result\Hex008\S2HMatrix.m2h
C:\Users\Administrator\Documents\GitHub\CP_NEW\NEW_1\Result\Hex008\Shapes.con
C:\Users\Administrator\Documents\GitHub\CP_NEW\NEW_1\Result\Hex009\dsMCalc.mat
C:\Users\Administrator\Documents\GitHub\CP_NEW\NEW_1\Result\Hex009\HexMatrix_MCalc.m2h
C:\Users\Administrator\Documents\GitHub\CP_NEW\NEW_1\Result\Hex009\MCalc.fmp
C:\Users\Administrator\Documents\GitHub\CP_NEW\NEW_1\Result\Hex009\MCalc.xcfd
C:\Users\Administrator\Documents\GitHub\CP_NEW\NEW_1\Result\Hex009\Model-fmf.msqlite
C:\Users\Administrator\Documents\GitHub\CP_NEW\NEW_1\Result\Hex009\Model.cct
C:\Users\Administrator\Documents\GitHub\CP_NEW\NEW_1\Result\Hex009\Model.fmf
C:\Users\Administrator\Documents\GitHub\CP_NEW\NEW_1\Result\Hex009\Model.fpc
C:\Users\Administrator\Documents\GitHub\CP_NEW\NEW_1\Result\Hex009\Model.fwf
C:\Users\Administrator\Documents\GitHub\CP_NEW\NEW_1\Result\Hex009\Model.sic
C:\Users\Administrator\Documents\GitHub\CP_NEW\NEW_1\Result\Hex009\Model.spi
C:\Users\Administrator\Documents\GitHub\CP_NEW\NEW_1\Result\Hex009\m^fbqq.mem
C:\Users\Administrator\Documents\GitHub\CP_NEW\NEW_1\Result\Hex009\PEC.mat
C:\Users\Administrator\Documents\GitHub\CP_NEW\NEW_1\Result\Hex009\S2HMatrix.m2h
C:\Users\Administrator\Documents\GitHub\CP_NEW\NEW_1\Result\Hex009\Shapes.con
C:\Users\Administrator\Documents\GitHub\CP_NEW\NEW_1\Result\Hex010\dsMCalc.mat
C:\Users\Administrator\Documents\GitHub\CP_NEW\NEW_1\Result\Hex010\HexMatrix_MCalc.m2h
C:\Users\Administrator\Documents\GitHub\CP_NEW\NEW_1\Result\Hex010\MCalc.fmp
C:\Users\Administrator\Documents\GitHub\CP_NEW\NEW_1\Result\Hex010\MCalc.xcfd
C:\Users\Administrator\Documents\GitHub\CP_NEW\NEW_1\Result\Hex010\Model-fmf.msqlite
C:\Users\Administrator\Documents\GitHub\CP_NEW\NEW_1\Result\Hex010\Model.cct
C:\Users\Administrator\Documents\GitHub\CP_NEW\NEW_1\Result\Hex010\Model.fmf
C:\Users\Administrator\Documents\GitHub\CP_NEW\NEW_1\Result\Hex010\Model.fpc
C:\Users\Administrator\Documents\GitHub\CP_NEW\NEW_1\Result\Hex010\Model.fwf
C:\Users\Administrator\Documents\GitHub\CP_NEW\NEW_1\Result\Hex010\Model.sic
C:\Users\Administrator\Documents\GitHub\CP_NEW\NEW_1\Result\Hex010\Model.spi
C:\Users\Administrator\Documents\GitHub\CP_NEW\NEW_1\Result\Hex010\m^fbqq.mem
C:\Users\Administrator\Documents\GitHub\CP_NEW\NEW_1\Result\Hex010\PEC.mat
C:\Users\Administrator\Documents\GitHub\CP_NEW\NEW_1\Result\Hex010\S2HMatrix.m2h
C:\Users\Administrator\Documents\GitHub\CP_NEW\NEW_1\Result\Hex010\Shapes.con
C:\Users\Administrator\Documents\GitHub\CP_NEW\NEW_1\Result\Hex011\dsMCalc.mat
C:\Users\Administrator\Documents\GitHub\CP_NEW\NEW_1\Result\Hex011\HexMatrix_MCalc.m2h
C:\Users\Administrator\Documents\GitHub\CP_NEW\NEW_1\Result\Hex011\MCalc.fmp
C:\Users\Administrator\Documents\GitHub\CP_NEW\NEW_1\Result\Hex011\MCalc.xcfd
C:\Users\Administrator\Documents\GitHub\CP_NEW\NEW_1\Result\Hex011\Model-fmf.msqlite
C:\Users\Administrator\Documents\GitHub\CP_NEW\NEW_1\Result\Hex011\Model.cct
C:\Users\Administrator\Documents\GitHub\CP_NEW\NEW_1\Result\Hex011\Model.fmf
C:\Users\Administrator\Documents\GitHub\CP_NEW\NEW_1\Result\Hex011\Model.fpc
C:\Users\Administrator\Documents\GitHub\CP_NEW\NEW_1\Result\Hex011\Model.fwf
C:\Users\Administrator\Documents\GitHub\CP_NEW\NEW_1\Result\Hex011\Model.sic
C:\Users\Administrator\Documents\GitHub\CP_NEW\NEW_1\Result\Hex011\Model.spi
C:\Users\Administrator\Documents\GitHub\CP_NEW\NEW_1\Result\Hex011\m^fbqq.mem
C:\Users\Administrator\Documents\GitHub\CP_NEW\NEW_1\Result\Hex011\PEC.mat
C:\Users\Administrator\Documents\GitHub\CP_NEW\NEW_1\Result\Hex011\S2HMatrix.m2h
C:\Users\Administrator\Documents\GitHub\CP_NEW\NEW_1\Result\Hex011\Shapes.con
C:\Users\Administrator\Documents\GitHub\CP_NEW\NEW_1\Result\Hex012\dsMCalc.mat
C:\Users\Administrator\Documents\GitHub\CP_NEW\NEW_1\Result\Hex012\HexMatrix_MCalc.m2h
C:\Users\Administrator\Documents\GitHub\CP_NEW\NEW_1\Result\Hex012\MCalc.fmp
C:\Users\Administrator\Documents\GitHub\CP_NEW\NEW_1\Result\Hex012\MCalc.xcfd
C:\Users\Administrator\Documents\GitHub\CP_NEW\NEW_1\Result\Hex012\Model-fmf.msqlite
C:\Users\Administrator\Documents\GitHub\CP_NEW\NEW_1\Result\Hex012\Model.cct
C:\Users\Administrator\Documents\GitHub\CP_NEW\NEW_1\Result\Hex012\Model.fmf
C:\Users\Administrator\Documents\GitHub\CP_NEW\NEW_1\Result\Hex012\Model.fpc
C:\Users\Administrator\Documents\GitHub\CP_NEW\NEW_1\Result\Hex012\Model.fwf
C:\Users\Administrator\Documents\GitHub\CP_NEW\NEW_1\Result\Hex012\Model.sic
C:\Users\Administrator\Documents\GitHub\CP_NEW\NEW_1\Result\Hex012\Model.spi
C:\Users\Administrator\Documents\GitHub\CP_NEW\NEW_1\Result\Hex012\m^fbqq.mem
C:\Users\Administrator\Documents\GitHub\CP_NEW\NEW_1\Result\Hex012\PEC.mat
C:\Users\Administrator\Documents\GitHub\CP_NEW\NEW_1\Result\Hex012\S2HMatrix.m2h
C:\Users\Administrator\Documents\GitHub\CP_NEW\NEW_1\Result\Hex012\Shapes.con
C:\Users\Administrator\Documents\GitHub\CP_NEW\NEW_1\Result\Hex013\dsMCalc.mat
C:\Users\Administrator\Documents\GitHub\CP_NEW\NEW_1\Result\Hex013\HexMatrix_MCalc.m2h
C:\Users\Administrator\Documents\GitHub\CP_NEW\NEW_1\Result\Hex013\MCalc.fmp
C:\Users\Administrator\Documents\GitHub\CP_NEW\NEW_1\Result\Hex013\MCalc.xcfd
C:\Users\Administrator\Documents\GitHub\CP_NEW\NEW_1\Result\Hex013\Model-fmf.msqlite
C:\Users\Administrator\Documents\GitHub\CP_NEW\NEW_1\Result\Hex013\Model.cct
C:\Users\Administrator\Documents\GitHub\CP_NEW\NEW_1\Result\Hex013\Model.fmf
C:\Users\Administrator\Documents\GitHub\CP_NEW\NEW_1\Result\Hex013\Model.fpc
C:\Users\Administrator\Documents\GitHub\CP_NEW\NEW_1\Result\Hex013\Model.fwf
C:\Users\Administrator\Documents\GitHub\CP_NEW\NEW_1\Result\Hex013\Model.sic
C:\Users\Administrator\Documents\GitHub\CP_NEW\NEW_1\Result\Hex013\Model.spi
C:\Users\Administrator\Documents\GitHub\CP_NEW\NEW_1\Result\Hex013\m^fbqq.mem
C:\Users\Administrator\Documents\GitHub\CP_NEW\NEW_1\Result\Hex013\PEC.mat
C:\Users\Administrator\Documents\GitHub\CP_NEW\NEW_1\Result\Hex013\S2HMatrix.m2h
C:\Users\Administrator\Documents\GitHub\CP_NEW\NEW_1\Result\Hex013\Shapes.con
C:\Users\Administrator\Documents\GitHub\CP_NEW\NEW_1\Result\Hex014\dsMCalc.mat
C:\Users\Administrator\Documents\GitHub\CP_NEW\NEW_1\Result\Hex014\HexMatrix_MCalc.m2h
C:\Users\Administrator\Documents\GitHub\CP_NEW\NEW_1\Result\Hex014\MCalc.fmp
C:\Users\Administrator\Documents\GitHub\CP_NEW\NEW_1\Result\Hex014\MCalc.xcfd
C:\Users\Administrator\Documents\GitHub\CP_NEW\NEW_1\Result\Hex014\Model-fmf.msqlite
C:\Users\Administrator\Documents\GitHub\CP_NEW\NEW_1\Result\Hex014\Model.cct
C:\Users\Administrator\Documents\GitHub\CP_NEW\NEW_1\Result\Hex014\Model.fmf
C:\Users\Administrator\Documents\GitHub\CP_NEW\NEW_1\Result\Hex014\Model.fpc
C:\Users\Administrator\Documents\GitHub\CP_NEW\NEW_1\Result\Hex014\Model.fwf
C:\Users\Administrator\Documents\GitHub\CP_NEW\NEW_1\Result\Hex014\Model.spi
C:\Users\Administrator\Documents\GitHub\CP_NEW\NEW_1\Result\Hex014\m^fbqq.mem
C:\Users\Administrator\Documents\GitHub\CP_NEW\NEW_1\Result\Hex014\PEC.mat
C:\Users\Administrator\Documents\GitHub\CP_NEW\NEW_1\Result\Hex014\S2HMatrix.m2h
C:\Users\Administrator\Documents\GitHub\CP_NEW\NEW_1\Result\Hex014\Shapes.con
C:\Users\Administrator\Documents\GitHub\CP_NEW\NEW_1\Result\Hex015\dsMCalc.mat
C:\Users\Administrator\Documents\GitHub\CP_NEW\NEW_1\Result\Hex015\HexMatrix_MCalc.m2h
C:\Users\Administrator\Documents\GitHub\CP_NEW\NEW_1\Result\Hex015\MCalc.fmp
C:\Users\Administrator\Documents\GitHub\CP_NEW\NEW_1\Result\Hex015\MCalc.xcfd
C:\Users\Administrator\Documents\GitHub\CP_NEW\NEW_1\Result\Hex015\Model-fmf.msqlite
C:\Users\Administrator\Documents\GitHub\CP_NEW\NEW_1\Result\Hex015\Model.cct
C:\Users\Administrator\Documents\GitHub\CP_NEW\NEW_1\Result\Hex015\Model.fmf
C:\Users\Administrator\Documents\GitHub\CP_NEW\NEW_1\Result\Hex015\Model.fpc
C:\Users\Administrator\Documents\GitHub\CP_NEW\NEW_1\Result\Hex015\Model.fwf
C:\Users\Administrator\Documents\GitHub\CP_NEW\NEW_1\Result\Hex015\Model.sic
C:\Users\Administrator\Documents\GitHub\CP_NEW\NEW_1\Result\Hex015\Model.spi
C:\Users\Administrator\Documents\GitHub\CP_NEW\NEW_1\Result\Hex015\m^fbqq.mem
C:\Users\Administrator\Documents\GitHub\CP_NEW\NEW_1\Result\Hex015\PEC.mat
C:\Users\Administrator\Documents\GitHub\CP_NEW\NEW_1\Result\Hex015\S2HMatrix.m2h
C:\Users\Administrator\Documents\GitHub\CP_NEW\NEW_1\Result\Hex015\Shapes.con
C:\Users\Administrator\Documents\GitHub\CP_NEW\NEW_1\Result\Hex016\dsMCalc.mat
C:\Users\Administrator\Documents\GitHub\CP_NEW\NEW_1\Result\Hex016\HexMatrix_MCalc.m2h
C:\Users\Administrator\Documents\GitHub\CP_NEW\NEW_1\Result\Hex016\MCalc.fmp
C:\Users\Administrator\Documents\GitHub\CP_NEW\NEW_1\Result\Hex016\MCalc.xcfd
C:\Users\Administrator\Documents\GitHub\CP_NEW\NEW_1\Result\Hex016\Model-fmf.msqlite
C:\Users\Administrator\Documents\GitHub\CP_NEW\NEW_1\Result\Hex016\Model.cct
C:\Users\Administrator\Documents\GitHub\CP_NEW\NEW_1\Result\Hex016\Model.fmf
C:\Users\Administrator\Documents\GitHub\CP_NEW\NEW_1\Result\Hex016\Model.fpc
C:\Users\Administrator\Documents\GitHub\CP_NEW\NEW_1\Result\Hex016\Model.fwf
C:\Users\Administrator\Documents\GitHub\CP_NEW\NEW_1\Result\Hex016\Model.sic
C:\Users\Administrator\Documents\GitHub\CP_NEW\NEW_1\Result\Hex016\Model.spi
C:\Users\Administrator\Documents\GitHub\CP_NEW\NEW_1\Result\Hex016\m^fbqq.mem
C:\Users\Administrator\Documents\GitHub\CP_NEW\NEW_1\Result\Hex016\PEC.mat
C:\Users\Administrator\Documents\GitHub\CP_NEW\NEW_1\Result\Hex016\S2HMatrix.m2h
C:\Users\Administrator\Documents\GitHub\CP_NEW\NEW_1\Result\Hex016\Shapes.con
C:\Users\Administrator\Documents\GitHub\CP_NEW\NEW_1\Result\Hex017\dsMCalc.mat
C:\Users\Administrator\Documents\GitHub\CP_NEW\NEW_1\Result\Hex017\HexMatrix_MCalc.m2h
C:\Users\Administrator\Documents\GitHub\CP_NEW\NEW_1\Result\Hex017\MCalc.fmp
C:\Users\Administrator\Documents\GitHub\CP_NEW\NEW_1\Result\Hex017\MCalc.xcfd
C:\Users\Administrator\Documents\GitHub\CP_NEW\NEW_1\Result\Hex017\Model-fmf.msqlite
C:\Users\Administrator\Documents\GitHub\CP_NEW\NEW_1\Result\Hex017\Model.cct
C:\Users\Administrator\Documents\GitHub\CP_NEW\NEW_1\Result\Hex017\Model.fmf
C:\Users\Administrator\Documents\GitHub\CP_NEW\NEW_1\Result\Hex017\Model.fpc
C:\Users\Administrator\Documents\GitHub\CP_NEW\NEW_1\Result\Hex017\Model.fwf
C:\Users\Administrator\Documents\GitHub\CP_NEW\NEW_1\Result\Hex017\Model.sic
C:\Users\Administrator\Documents\GitHub\CP_NEW\NEW_1\Result\Hex017\Model.spi
C:\Users\Administrator\Documents\GitHub\CP_NEW\NEW_1\Result\Hex017\m^fbqq.mem
C:\Users\Administrator\Documents\GitHub\CP_NEW\NEW_1\Result\Hex017\PEC.mat
C:\Users\Administrator\Documents\GitHub\CP_NEW\NEW_1\Result\Hex017\S2HMatrix.m2h
C:\Users\Administrator\Documents\GitHub\CP_NEW\NEW_1\Result\Hex017\Shapes.con
C:\Users\Administrator\Documents\GitHub\CP_NEW\NEW_1\Result\Hex018\dsMCalc.mat
C:\Users\Administrator\Documents\GitHub\CP_NEW\NEW_1\Result\Hex018\HexMatrix_MCalc.m2h
C:\Users\Administrator\Documents\GitHub\CP_NEW\NEW_1\Result\Hex018\MCalc.fmp
C:\Users\Administrator\Documents\GitHub\CP_NEW\NEW_1\Result\Hex018\MCalc.xcfd
C:\Users\Administrator\Documents\GitHub\CP_NEW\NEW_1\Result\Hex018\Model-fmf.msqlite
C:\Users\Administrator\Documents\GitHub\CP_NEW\NEW_1\Result\Hex018\Model.cct
C:\Users\Administrator\Documents\GitHub\CP_NEW\NEW_1\Result\Hex018\Model.fmf
C:\Users\Administrator\Documents\GitHub\CP_NEW\NEW_1\Result\Hex018\Model.fpc
C:\Users\Administrator\Documents\GitHub\CP_NEW\NEW_1\Result\Hex018\Model.fwf
C:\Users\Administrator\Documents\GitHub\CP_NEW\NEW_1\Result\Hex018\Model.sic
C:\Users\Administrator\Documents\GitHub\CP_NEW\NEW_1\Result\Hex018\Model.spi
C:\Users\Administrator\Documents\GitHub\CP_NEW\NEW_1\Result\Hex018\m^fbqq.mem
C:\Users\Administrator\Documents\GitHub\CP_NEW\NEW_1\Result\Hex018\PEC.mat
C:\Users\Administrator\Documents\GitHub\CP_NEW\NEW_1\Result\Hex018\S2HMatrix.m2h
C:\Users\Administrator\Documents\GitHub\CP_NEW\NEW_1\Result\Hex018\Shapes.con
C:\Users\Administrator\Documents\GitHub\CP_NEW\NEW_1\Result\Hex019\dsMCalc.mat
C:\Users\Administrator\Documents\GitHub\CP_NEW\NEW_1\Result\Hex019\HexMatrix_MCalc.m2h
C:\Users\Administrator\Documents\GitHub\CP_NEW\NEW_1\Result\Hex019\MCalc.fmp
C:\Users\Administrator\Documents\GitHub\CP_NEW\NEW_1\Result\Hex019\MCalc.xcfd
C:\Users\Administrator\Documents\GitHub\CP_NEW\NEW_1\Result\Hex019\Model-fmf.msqlite
C:\Users\Administrator\Documents\GitHub\CP_NEW\NEW_1\Result\Hex019\Model.cct
C:\Users\Administrator\Documents\GitHub\CP_NEW\NEW_1\Result\Hex019\Model.fmf
C:\Users\Administrator\Documents\GitHub\CP_NEW\NEW_1\Result\Hex019\Model.fpc
C:\Users\Administrator\Documents\GitHub\CP_NEW\NEW_1\Result\Hex019\Model.fwf
C:\Users\Administrator\Documents\GitHub\CP_NEW\NEW_1\Result\Hex019\Model.sic
C:\Users\Administrator\Documents\GitHub\CP_NEW\NEW_1\Result\Hex019\Model.spi
C:\Users\Administrator\Documents\GitHub\CP_NEW\NEW_1\Result\Hex019\m^fbqq.mem
C:\Users\Administrator\Documents\GitHub\CP_NEW\NEW_1\Result\Hex019\PEC.mat
C:\Users\Administrator\Documents\GitHub\CP_NEW\NEW_1\Result\Hex019\S2HMatrix.m2h
C:\Users\Administrator\Documents\GitHub\CP_NEW\NEW_1\Result\Hex019\Shapes.con
C:\Users\Administrator\Documents\GitHub\CP_NEW\NEW_1\Result\Hex020\dsMCalc.mat
C:\Users\Administrator\Documents\GitHub\CP_NEW\NEW_1\Result\Hex020\HexMatrix_MCalc.m2h
C:\Users\Administrator\Documents\GitHub\CP_NEW\NEW_1\Result\Hex020\MCalc.fmp
C:\Users\Administrator\Documents\GitHub\CP_NEW\NEW_1\Result\Hex020\MCalc.xcfd
C:\Users\Administrator\Documents\GitHub\CP_NEW\NEW_1\Result\Hex020\Model-fmf.msqlite
C:\Users\Administrator\Documents\GitHub\CP_NEW\NEW_1\Result\Hex020\Model.cct
C:\Users\Administrator\Documents\GitHub\CP_NEW\NEW_1\Result\Hex020\Model.fmf
C:\Users\Administrator\Documents\GitHub\CP_NEW\NEW_1\Result\Hex020\Model.fpc
C:\Users\Administrator\Documents\GitHub\CP_NEW\NEW_1\Result\Hex020\Model.fwf
C:\Users\Administrator\Documents\GitHub\CP_NEW\NEW_1\Result\Hex020\Model.sic
C:\Users\Administrator\Documents\GitHub\CP_NEW\NEW_1\Result\Hex020\Model.spi
C:\Users\Administrator\Documents\GitHub\CP_NEW\NEW_1\Result\Hex020\m^fbqq.mem
C:\Users\Administrator\Documents\GitHub\CP_NEW\NEW_1\Result\Hex020\PEC.mat
C:\Users\Administrator\Documents\GitHub\CP_NEW\NEW_1\Result\Hex020\S2HMatrix.m2h
C:\Users\Administrator\Documents\GitHub\CP_NEW\NEW_1\Result\Hex020\Shapes.con
C:\Users\Administrator\Documents\GitHub\CP_NEW\NEW_1\Result\Hex021\dsMCalc.mat
C:\Users\Administrator\Documents\GitHub\CP_NEW\NEW_1\Result\Hex021\HexMatrix_MCalc.m2h
C:\Users\Administrator\Documents\GitHub\CP_NEW\NEW_1\Result\Hex021\MCalc.fmp
C:\Users\Administrator\Documents\GitHub\CP_NEW\NEW_1\Result\Hex021\MCalc.xcfd
C:\Users\Administrator\Documents\GitHub\CP_NEW\NEW_1\Result\Hex021\Model-fmf.msqlite
C:\Users\Administrator\Documents\GitHub\CP_NEW\NEW_1\Result\Hex021\Model.cct
C:\Users\Administrator\Documents\GitHub\CP_NEW\NEW_1\Result\Hex021\Model.fmf
C:\Users\Administrator\Documents\GitHub\CP_NEW\NEW_1\Result\Hex021\Model.fpc
C:\Users\Administrator\Documents\GitHub\CP_NEW\NEW_1\Result\Hex021\Model.fwf
C:\Users\Administrator\Documents\GitHub\CP_NEW\NEW_1\Result\Hex021\Model.sic
C:\Users\Administrator\Documents\GitHub\CP_NEW\NEW_1\Result\Hex021\Model.spi
C:\Users\Administrator\Documents\GitHub\CP_NEW\NEW_1\Result\Hex021\m^fbqq.mem
C:\Users\Administrator\Documents\GitHub\CP_NEW\NEW_1\Result\Hex021\PEC.mat
C:\Users\Administrator\Documents\GitHub\CP_NEW\NEW_1\Result\Hex021\S2HMatrix.m2h
C:\Users\Administrator\Documents\GitHub\CP_NEW\NEW_1\Result\Hex021\Shapes.con
C:\Users\Administrator\Documents\GitHub\CP_NEW\NEW_1\Result\Hex022\dsMCalc.mat
C:\Users\Administrator\Documents\GitHub\CP_NEW\NEW_1\Result\Hex022\HexMatrix_MCalc.m2h
C:\Users\Administrator\Documents\GitHub\CP_NEW\NEW_1\Result\Hex022\MCalc.fmp
C:\Users\Administrator\Documents\GitHub\CP_NEW\NEW_1\Result\Hex022\MCalc.xcfd
C:\Users\Administrator\Documents\GitHub\CP_NEW\NEW_1\Result\Hex022\Model-fmf.msqlite
C:\Users\Administrator\Documents\GitHub\CP_NEW\NEW_1\Result\Hex022\Model.cct
C:\Users\Administrator\Documents\GitHub\CP_NEW\NEW_1\Result\Hex022\Model.fmf
C:\Users\Administrator\Documents\GitHub\CP_NEW\NEW_1\Result\Hex022\Model.fpc
C:\Users\Administrator\Documents\GitHub\CP_NEW\NEW_1\Result\Hex022\Model.fwf
C:\Users\Administrator\Documents\GitHub\CP_NEW\NEW_1\Result\Hex022\Model.sic
C:\Users\Administrator\Documents\GitHub\CP_NEW\NEW_1\Result\Hex022\Model.spi
C:\Users\Administrator\Documents\GitHub\CP_NEW\NEW_1\Result\Hex022\m^fbqq.mem
C:\Users\Administrator\Documents\GitHub\CP_NEW\NEW_1\Result\Hex022\PEC.mat
C:\Users\Administrator\Documents\GitHub\CP_NEW\NEW_1\Result\Hex022\S2HMatrix.m2h
C:\Users\Administrator\Documents\GitHub\CP_NEW\NEW_1\Result\Hex022\Shapes.con
C:\Users\Administrator\Documents\GitHub\CP_NEW\NEW_1\Result\Hex023\dsMCalc.mat
C:\Users\Administrator\Documents\GitHub\CP_NEW\NEW_1\Result\Hex023\HexMatrix_MCalc.m2h
C:\Users\Administrator\Documents\GitHub\CP_NEW\NEW_1\Result\Hex023\MCalc.fmp
C:\Users\Administrator\Documents\GitHub\CP_NEW\NEW_1\Result\Hex023\MCalc.xcfd
C:\Users\Administrator\Documents\GitHub\CP_NEW\NEW_1\Result\Hex023\Model-fmf.msqlite
C:\Users\Administrator\Documents\GitHub\CP_NEW\NEW_1\Result\Hex023\Model.cct
C:\Users\Administrator\Documents\GitHub\CP_NEW\NEW_1\Result\Hex023\Model.fmf
C:\Users\Administrator\Documents\GitHub\CP_NEW\NEW_1\Result\Hex023\Model.fpc
C:\Users\Administrator\Documents\GitHub\CP_NEW\NEW_1\Result\Hex023\Model.fwf
C:\Users\Administrator\Documents\GitHub\CP_NEW\NEW_1\Result\Hex023\Model.spi
C:\Users\Administrator\Documents\GitHub\CP_NEW\NEW_1\Result\Hex023\m^fbqq.mem
C:\Users\Administrator\Documents\GitHub\CP_NEW\NEW_1\Result\Hex023\PEC.mat
C:\Users\Administrator\Documents\GitHub\CP_NEW\NEW_1\Result\Hex023\S2HMatrix.m2h
C:\Users\Administrator\Documents\GitHub\CP_NEW\NEW_1\Result\Hex023\Shapes.con
Port:
C:\Users\Administrator\Documents\GitHub\CP_NEW\NEW_1\Result\Model.pmi
C:\Users\Administrator\Documents\GitHub\CP_NEW\NEW_1\Result\Port1_1[2.15].m2d
C:\Users\Administrator\Documents\GitHub\CP_NEW\NEW_1\Result\Port1_drv.m2d
C:\Users\Administrator\Documents\GitHub\CP_NEW\NEW_1\Result\Port1_e1[2.15].prt
C:\Users\Administrator\Documents\GitHub\CP_NEW\NEW_1\Result\Port1_h1[2.15].prt
